This file contains any messages produced by compilers while
running configure, to aid debugging if configure makes a mistake.

It was created by ALOE configure 1.6.0, which was
generated by GNU Autoconf 2.69.  Invocation command line was

  $ ./configure LIBS=-lpthread -lboost_system CFLAGS=-O3 -march=native -mfpmath=sse --no-create --no-recursion

## --------- ##
## Platform. ##
## --------- ##

hostname = PC33002
uname -m = x86_64
uname -r = 4.10.0-42-generic
uname -s = Linux
uname -v = #46~16.04.1-Ubuntu SMP Mon Dec 4 15:57:59 UTC 2017

/usr/bin/uname -p = unknown
/bin/uname -X     = unknown

/bin/arch              = unknown
/usr/bin/arch -k       = unknown
/usr/convex/getsysinfo = unknown
/usr/bin/hostinfo      = unknown
/bin/machine           = unknown
/usr/bin/oslevel       = unknown
/bin/universe          = unknown

PATH: /home/usueetac/bin
PATH: /home/usueetac/.local/bin
PATH: /usr/local/sbin
PATH: /usr/local/bin
PATH: /usr/sbin
PATH: /usr/bin
PATH: /sbin
PATH: /bin
PATH: /usr/games
PATH: /usr/local/games
PATH: /snap/bin


## ----------- ##
## Core tests. ##
## ----------- ##

configure:2428: checking for a BSD-compatible install
configure:2496: result: /usr/bin/install -c
configure:2507: checking whether build environment is sane
configure:2544: result: yes
configure:2671: checking for a thread-safe mkdir -p
configure:2710: result: /bin/mkdir -p
configure:2723: checking for gawk
configure:2739: found /usr/bin/gawk
configure:2750: result: gawk
configure:2761: checking whether make sets $(MAKE)
configure:2783: result: yes
configure:2867: checking build system type
configure:2881: result: x86_64-unknown-linux-gnu
configure:2901: checking host system type
configure:2914: result: x86_64-unknown-linux-gnu
configure:2983: checking for gcc
configure:2999: found /usr/bin/gcc
configure:3010: result: gcc
configure:3239: checking for C compiler version
configure:3248: gcc --version >&5
gcc (Ubuntu 5.4.0-6ubuntu1~16.04.5) 5.4.0 20160609
Copyright (C) 2015 Free Software Foundation, Inc.
This is free software; see the source for copying conditions.  There is NO
warranty; not even for MERCHANTABILITY or FITNESS FOR A PARTICULAR PURPOSE.

configure:3259: $? = 0
configure:3248: gcc -v >&5
Using built-in specs.
COLLECT_GCC=gcc
COLLECT_LTO_WRAPPER=/usr/lib/gcc/x86_64-linux-gnu/5/lto-wrapper
Target: x86_64-linux-gnu
Configured with: ../src/configure -v --with-pkgversion='Ubuntu 5.4.0-6ubuntu1~16.04.5' --with-bugurl=file:///usr/share/doc/gcc-5/README.Bugs --enable-languages=c,ada,c++,java,go,d,fortran,objc,obj-c++ --prefix=/usr --program-suffix=-5 --enable-shared --enable-linker-build-id --libexecdir=/usr/lib --without-included-gettext --enable-threads=posix --libdir=/usr/lib --enable-nls --with-sysroot=/ --enable-clocale=gnu --enable-libstdcxx-debug --enable-libstdcxx-time=yes --with-default-libstdcxx-abi=new --enable-gnu-unique-object --disable-vtable-verify --enable-libmpx --enable-plugin --with-system-zlib --disable-browser-plugin --enable-java-awt=gtk --enable-gtk-cairo --with-java-home=/usr/lib/jvm/java-1.5.0-gcj-5-amd64/jre --enable-java-home --with-jvm-root-dir=/usr/lib/jvm/java-1.5.0-gcj-5-amd64 --with-jvm-jar-dir=/usr/lib/jvm-exports/java-1.5.0-gcj-5-amd64 --with-arch-directory=amd64 --with-ecj-jar=/usr/share/java/eclipse-ecj.jar --enable-objc-gc --enable-multiarch --disable-werror --with-arch-32=i686 --with-abi=m64 --with-multilib-list=m32,m64,mx32 --enable-multilib --with-tune=generic --enable-checking=release --build=x86_64-linux-gnu --host=x86_64-linux-gnu --target=x86_64-linux-gnu
Thread model: posix
gcc version 5.4.0 20160609 (Ubuntu 5.4.0-6ubuntu1~16.04.5) 
configure:3259: $? = 0
configure:3248: gcc -V >&5
gcc: error: unrecognized command line option '-V'
gcc: fatal error: no input files
compilation terminated.
configure:3259: $? = 1
configure:3248: gcc -qversion >&5
gcc: error: unrecognized command line option '-qversion'
gcc: fatal error: no input files
compilation terminated.
configure:3259: $? = 1
configure:3279: checking whether the C compiler works
configure:3301: gcc -O3 -march=native -mfpmath=sse   conftest.c -lpthread -lboost_system >&5
configure:3305: $? = 0
configure:3353: result: yes
configure:3356: checking for C compiler default output file name
configure:3358: result: a.out
configure:3364: checking for suffix of executables
configure:3371: gcc -o conftest -O3 -march=native -mfpmath=sse   conftest.c -lpthread -lboost_system >&5
configure:3375: $? = 0
configure:3397: result: 
configure:3419: checking whether we are cross compiling
configure:3427: gcc -o conftest -O3 -march=native -mfpmath=sse   conftest.c -lpthread -lboost_system >&5
configure:3431: $? = 0
configure:3438: ./conftest
configure:3442: $? = 0
configure:3457: result: no
configure:3462: checking for suffix of object files
configure:3484: gcc -c -O3 -march=native -mfpmath=sse  conftest.c >&5
configure:3488: $? = 0
configure:3509: result: o
configure:3513: checking whether we are using the GNU C compiler
configure:3532: gcc -c -O3 -march=native -mfpmath=sse  conftest.c >&5
configure:3532: $? = 0
configure:3541: result: yes
configure:3550: checking whether gcc accepts -g
configure:3570: gcc -c -g  conftest.c >&5
configure:3570: $? = 0
configure:3611: result: yes
configure:3628: checking for gcc option to accept ISO C89
configure:3691: gcc  -c -O3 -march=native -mfpmath=sse  conftest.c >&5
configure:3691: $? = 0
configure:3704: result: none needed
configure:3735: checking for style of include used by make
configure:3763: result: GNU
configure:3788: checking dependency style of gcc
configure:3898: result: gcc3
configure:3971: checking for g++
configure:3987: found /usr/bin/g++
configure:3998: result: g++
configure:4025: checking for C++ compiler version
configure:4034: g++ --version >&5
g++ (Ubuntu 5.4.0-6ubuntu1~16.04.5) 5.4.0 20160609
Copyright (C) 2015 Free Software Foundation, Inc.
This is free software; see the source for copying conditions.  There is NO
warranty; not even for MERCHANTABILITY or FITNESS FOR A PARTICULAR PURPOSE.

configure:4045: $? = 0
configure:4034: g++ -v >&5
Using built-in specs.
COLLECT_GCC=g++
COLLECT_LTO_WRAPPER=/usr/lib/gcc/x86_64-linux-gnu/5/lto-wrapper
Target: x86_64-linux-gnu
Configured with: ../src/configure -v --with-pkgversion='Ubuntu 5.4.0-6ubuntu1~16.04.5' --with-bugurl=file:///usr/share/doc/gcc-5/README.Bugs --enable-languages=c,ada,c++,java,go,d,fortran,objc,obj-c++ --prefix=/usr --program-suffix=-5 --enable-shared --enable-linker-build-id --libexecdir=/usr/lib --without-included-gettext --enable-threads=posix --libdir=/usr/lib --enable-nls --with-sysroot=/ --enable-clocale=gnu --enable-libstdcxx-debug --enable-libstdcxx-time=yes --with-default-libstdcxx-abi=new --enable-gnu-unique-object --disable-vtable-verify --enable-libmpx --enable-plugin --with-system-zlib --disable-browser-plugin --enable-java-awt=gtk --enable-gtk-cairo --with-java-home=/usr/lib/jvm/java-1.5.0-gcj-5-amd64/jre --enable-java-home --with-jvm-root-dir=/usr/lib/jvm/java-1.5.0-gcj-5-amd64 --with-jvm-jar-dir=/usr/lib/jvm-exports/java-1.5.0-gcj-5-amd64 --with-arch-directory=amd64 --with-ecj-jar=/usr/share/java/eclipse-ecj.jar --enable-objc-gc --enable-multiarch --disable-werror --with-arch-32=i686 --with-abi=m64 --with-multilib-list=m32,m64,mx32 --enable-multilib --with-tune=generic --enable-checking=release --build=x86_64-linux-gnu --host=x86_64-linux-gnu --target=x86_64-linux-gnu
Thread model: posix
gcc version 5.4.0 20160609 (Ubuntu 5.4.0-6ubuntu1~16.04.5) 
configure:4045: $? = 0
configure:4034: g++ -V >&5
g++: error: unrecognized command line option '-V'
g++: fatal error: no input files
compilation terminated.
configure:4045: $? = 1
configure:4034: g++ -qversion >&5
g++: error: unrecognized command line option '-qversion'
g++: fatal error: no input files
compilation terminated.
configure:4045: $? = 1
configure:4049: checking whether we are using the GNU C++ compiler
configure:4068: g++ -c   conftest.cpp >&5
configure:4068: $? = 0
configure:4077: result: yes
configure:4086: checking whether g++ accepts -g
configure:4106: g++ -c -g  conftest.cpp >&5
configure:4106: $? = 0
configure:4147: result: yes
configure:4172: checking dependency style of g++
configure:4282: result: gcc3
configure:4340: checking for ranlib
configure:4356: found /usr/bin/ranlib
configure:4367: result: ranlib
configure:4397: checking how to run the C preprocessor
configure:4428: gcc -E  conftest.c
configure:4428: $? = 0
configure:4442: gcc -E  conftest.c
conftest.c:11:28: fatal error: ac_nonexistent.h: No such file or directory
compilation terminated.
configure:4442: $? = 1
configure: failed program was:
| /* confdefs.h */
| #define PACKAGE_NAME "ALOE"
| #define PACKAGE_TARNAME "aloe"
| #define PACKAGE_VERSION "1.6.0"
| #define PACKAGE_STRING "ALOE 1.6.0"
| #define PACKAGE_BUGREPORT ""
| #define PACKAGE_URL ""
| #define PACKAGE "aloe"
| #define VERSION "1.6.0"
| /* end confdefs.h.  */
| #include <ac_nonexistent.h>
configure:4467: result: gcc -E
configure:4487: gcc -E  conftest.c
configure:4487: $? = 0
configure:4501: gcc -E  conftest.c
conftest.c:11:28: fatal error: ac_nonexistent.h: No such file or directory
compilation terminated.
configure:4501: $? = 1
configure: failed program was:
| /* confdefs.h */
| #define PACKAGE_NAME "ALOE"
| #define PACKAGE_TARNAME "aloe"
| #define PACKAGE_VERSION "1.6.0"
| #define PACKAGE_STRING "ALOE 1.6.0"
| #define PACKAGE_BUGREPORT ""
| #define PACKAGE_URL ""
| #define PACKAGE "aloe"
| #define VERSION "1.6.0"
| /* end confdefs.h.  */
| #include <ac_nonexistent.h>
configure:4530: checking for grep that handles long lines and -e
configure:4588: result: /bin/grep
configure:4593: checking for egrep
configure:4655: result: /bin/grep -E
configure:4660: checking for ANSI C header files
configure:4680: gcc -c -O3 -march=native -mfpmath=sse  conftest.c >&5
configure:4680: $? = 0
configure:4753: gcc -o conftest -O3 -march=native -mfpmath=sse   conftest.c -lpthread -lboost_system >&5
configure:4753: $? = 0
configure:4753: ./conftest
configure:4753: $? = 0
configure:4764: result: yes
configure:4777: checking for sys/types.h
configure:4777: gcc -c -O3 -march=native -mfpmath=sse  conftest.c >&5
configure:4777: $? = 0
configure:4777: result: yes
configure:4777: checking for sys/stat.h
configure:4777: gcc -c -O3 -march=native -mfpmath=sse  conftest.c >&5
configure:4777: $? = 0
configure:4777: result: yes
configure:4777: checking for stdlib.h
configure:4777: gcc -c -O3 -march=native -mfpmath=sse  conftest.c >&5
configure:4777: $? = 0
configure:4777: result: yes
configure:4777: checking for string.h
configure:4777: gcc -c -O3 -march=native -mfpmath=sse  conftest.c >&5
configure:4777: $? = 0
configure:4777: result: yes
configure:4777: checking for memory.h
configure:4777: gcc -c -O3 -march=native -mfpmath=sse  conftest.c >&5
configure:4777: $? = 0
configure:4777: result: yes
configure:4777: checking for strings.h
configure:4777: gcc -c -O3 -march=native -mfpmath=sse  conftest.c >&5
configure:4777: $? = 0
configure:4777: result: yes
configure:4777: checking for inttypes.h
configure:4777: gcc -c -O3 -march=native -mfpmath=sse  conftest.c >&5
configure:4777: $? = 0
configure:4777: result: yes
configure:4777: checking for stdint.h
configure:4777: gcc -c -O3 -march=native -mfpmath=sse  conftest.c >&5
configure:4777: $? = 0
configure:4777: result: yes
configure:4777: checking for unistd.h
configure:4777: gcc -c -O3 -march=native -mfpmath=sse  conftest.c >&5
configure:4777: $? = 0
configure:4777: result: yes
configure:4791: checking time.h usability
configure:4791: gcc -c -O3 -march=native -mfpmath=sse  conftest.c >&5
configure:4791: $? = 0
configure:4791: result: yes
configure:4791: checking time.h presence
configure:4791: gcc -E  conftest.c
configure:4791: $? = 0
configure:4791: result: yes
configure:4791: checking for time.h
configure:4791: result: yes
configure:4803: checking stdio.h usability
configure:4803: gcc -c -O3 -march=native -mfpmath=sse  conftest.c >&5
configure:4803: $? = 0
configure:4803: result: yes
configure:4803: checking stdio.h presence
configure:4803: gcc -E  conftest.c
configure:4803: $? = 0
configure:4803: result: yes
configure:4803: checking for stdio.h
configure:4803: result: yes
configure:4815: checking for stdlib.h
configure:4815: result: yes
configure:4828: checking arpa/inet.h usability
configure:4828: gcc -c -O3 -march=native -mfpmath=sse  conftest.c >&5
configure:4828: $? = 0
configure:4828: result: yes
configure:4828: checking arpa/inet.h presence
configure:4828: gcc -E  conftest.c
configure:4828: $? = 0
configure:4828: result: yes
configure:4828: checking for arpa/inet.h
configure:4828: result: yes
configure:4828: checking fcntl.h usability
configure:4828: gcc -c -O3 -march=native -mfpmath=sse  conftest.c >&5
configure:4828: $? = 0
configure:4828: result: yes
configure:4828: checking fcntl.h presence
configure:4828: gcc -E  conftest.c
configure:4828: $? = 0
configure:4828: result: yes
configure:4828: checking for fcntl.h
configure:4828: result: yes
configure:4828: checking float.h usability
configure:4828: gcc -c -O3 -march=native -mfpmath=sse  conftest.c >&5
configure:4828: $? = 0
configure:4828: result: yes
configure:4828: checking float.h presence
configure:4828: gcc -E  conftest.c
configure:4828: $? = 0
configure:4828: result: yes
configure:4828: checking for float.h
configure:4828: result: yes
configure:4828: checking netdb.h usability
configure:4828: gcc -c -O3 -march=native -mfpmath=sse  conftest.c >&5
configure:4828: $? = 0
configure:4828: result: yes
configure:4828: checking netdb.h presence
configure:4828: gcc -E  conftest.c
configure:4828: $? = 0
configure:4828: result: yes
configure:4828: checking for netdb.h
configure:4828: result: yes
configure:4828: checking netinet/in.h usability
configure:4828: gcc -c -O3 -march=native -mfpmath=sse  conftest.c >&5
configure:4828: $? = 0
configure:4828: result: yes
configure:4828: checking netinet/in.h presence
configure:4828: gcc -E  conftest.c
configure:4828: $? = 0
configure:4828: result: yes
configure:4828: checking for netinet/in.h
configure:4828: result: yes
configure:4828: checking stddef.h usability
configure:4828: gcc -c -O3 -march=native -mfpmath=sse  conftest.c >&5
configure:4828: $? = 0
configure:4828: result: yes
configure:4828: checking stddef.h presence
configure:4828: gcc -E  conftest.c
configure:4828: $? = 0
configure:4828: result: yes
configure:4828: checking for stddef.h
configure:4828: result: yes
configure:4828: checking for stdint.h
configure:4828: result: yes
configure:4828: checking for stdlib.h
configure:4828: result: yes
configure:4828: checking for string.h
configure:4828: result: yes
configure:4828: checking for strings.h
configure:4828: result: yes
configure:4828: checking sys/socket.h usability
configure:4828: gcc -c -O3 -march=native -mfpmath=sse  conftest.c >&5
configure:4828: $? = 0
configure:4828: result: yes
configure:4828: checking sys/socket.h presence
configure:4828: gcc -E  conftest.c
configure:4828: $? = 0
configure:4828: result: yes
configure:4828: checking for sys/socket.h
configure:4828: result: yes
configure:4828: checking sys/time.h usability
configure:4828: gcc -c -O3 -march=native -mfpmath=sse  conftest.c >&5
configure:4828: $? = 0
configure:4828: result: yes
configure:4828: checking sys/time.h presence
configure:4828: gcc -E  conftest.c
configure:4828: $? = 0
configure:4828: result: yes
configure:4828: checking for sys/time.h
configure:4828: result: yes
configure:4828: checking for unistd.h
configure:4828: result: yes
configure:4840: checking for stdbool.h that conforms to C99
configure:4907: gcc -c -O3 -march=native -mfpmath=sse  conftest.c >&5
configure:4907: $? = 0
configure:4914: result: yes
configure:4916: checking for _Bool
configure:4916: gcc -c -O3 -march=native -mfpmath=sse  conftest.c >&5
configure:4916: $? = 0
configure:4916: gcc -c -O3 -march=native -mfpmath=sse  conftest.c >&5
conftest.c: In function 'main':
conftest.c:73:20: error: expected expression before ')' token
 if (sizeof ((_Bool)))
                    ^
configure:4916: $? = 1
configure: failed program was:
| /* confdefs.h */
| #define PACKAGE_NAME "ALOE"
| #define PACKAGE_TARNAME "aloe"
| #define PACKAGE_VERSION "1.6.0"
| #define PACKAGE_STRING "ALOE 1.6.0"
| #define PACKAGE_BUGREPORT ""
| #define PACKAGE_URL ""
| #define PACKAGE "aloe"
| #define VERSION "1.6.0"
| #define STDC_HEADERS 1
| #define HAVE_SYS_TYPES_H 1
| #define HAVE_SYS_STAT_H 1
| #define HAVE_STDLIB_H 1
| #define HAVE_STRING_H 1
| #define HAVE_MEMORY_H 1
| #define HAVE_STRINGS_H 1
| #define HAVE_INTTYPES_H 1
| #define HAVE_STDINT_H 1
| #define HAVE_UNISTD_H 1
| #define HAVE_TIME_H 1
| #define HAVE_STDIO_H 1
| #define HAVE_STDLIB_H 1
| #define HAVE_ARPA_INET_H 1
| #define HAVE_FCNTL_H 1
| #define HAVE_FLOAT_H 1
| #define HAVE_NETDB_H 1
| #define HAVE_NETINET_IN_H 1
| #define HAVE_STDDEF_H 1
| #define HAVE_STDINT_H 1
| #define HAVE_STDLIB_H 1
| #define HAVE_STRING_H 1
| #define HAVE_STRINGS_H 1
| #define HAVE_SYS_SOCKET_H 1
| #define HAVE_SYS_TIME_H 1
| #define HAVE_UNISTD_H 1
| /* end confdefs.h.  */
| #include <stdio.h>
| #ifdef HAVE_SYS_TYPES_H
| # include <sys/types.h>
| #endif
| #ifdef HAVE_SYS_STAT_H
| # include <sys/stat.h>
| #endif
| #ifdef STDC_HEADERS
| # include <stdlib.h>
| # include <stddef.h>
| #else
| # ifdef HAVE_STDLIB_H
| #  include <stdlib.h>
| # endif
| #endif
| #ifdef HAVE_STRING_H
| # if !defined STDC_HEADERS && defined HAVE_MEMORY_H
| #  include <memory.h>
| # endif
| # include <string.h>
| #endif
| #ifdef HAVE_STRINGS_H
| # include <strings.h>
| #endif
| #ifdef HAVE_INTTYPES_H
| # include <inttypes.h>
| #endif
| #ifdef HAVE_STDINT_H
| # include <stdint.h>
| #endif
| #ifdef HAVE_UNISTD_H
| # include <unistd.h>
| #endif
| int
| main ()
| {
| if (sizeof ((_Bool)))
| 	    return 0;
|   ;
|   return 0;
| }
configure:4916: result: yes
configure:4927: checking for inline
configure:4943: gcc -c -O3 -march=native -mfpmath=sse  conftest.c >&5
configure:4943: $? = 0
configure:4951: result: inline
configure:4969: checking for mode_t
configure:4969: gcc -c -O3 -march=native -mfpmath=sse  conftest.c >&5
configure:4969: $? = 0
configure:4969: gcc -c -O3 -march=native -mfpmath=sse  conftest.c >&5
conftest.c: In function 'main':
conftest.c:74:21: error: expected expression before ')' token
 if (sizeof ((mode_t)))
                     ^
configure:4969: $? = 1
configure: failed program was:
| /* confdefs.h */
| #define PACKAGE_NAME "ALOE"
| #define PACKAGE_TARNAME "aloe"
| #define PACKAGE_VERSION "1.6.0"
| #define PACKAGE_STRING "ALOE 1.6.0"
| #define PACKAGE_BUGREPORT ""
| #define PACKAGE_URL ""
| #define PACKAGE "aloe"
| #define VERSION "1.6.0"
| #define STDC_HEADERS 1
| #define HAVE_SYS_TYPES_H 1
| #define HAVE_SYS_STAT_H 1
| #define HAVE_STDLIB_H 1
| #define HAVE_STRING_H 1
| #define HAVE_MEMORY_H 1
| #define HAVE_STRINGS_H 1
| #define HAVE_INTTYPES_H 1
| #define HAVE_STDINT_H 1
| #define HAVE_UNISTD_H 1
| #define HAVE_TIME_H 1
| #define HAVE_STDIO_H 1
| #define HAVE_STDLIB_H 1
| #define HAVE_ARPA_INET_H 1
| #define HAVE_FCNTL_H 1
| #define HAVE_FLOAT_H 1
| #define HAVE_NETDB_H 1
| #define HAVE_NETINET_IN_H 1
| #define HAVE_STDDEF_H 1
| #define HAVE_STDINT_H 1
| #define HAVE_STDLIB_H 1
| #define HAVE_STRING_H 1
| #define HAVE_STRINGS_H 1
| #define HAVE_SYS_SOCKET_H 1
| #define HAVE_SYS_TIME_H 1
| #define HAVE_UNISTD_H 1
| #define HAVE__BOOL 1
| /* end confdefs.h.  */
| #include <stdio.h>
| #ifdef HAVE_SYS_TYPES_H
| # include <sys/types.h>
| #endif
| #ifdef HAVE_SYS_STAT_H
| # include <sys/stat.h>
| #endif
| #ifdef STDC_HEADERS
| # include <stdlib.h>
| # include <stddef.h>
| #else
| # ifdef HAVE_STDLIB_H
| #  include <stdlib.h>
| # endif
| #endif
| #ifdef HAVE_STRING_H
| # if !defined STDC_HEADERS && defined HAVE_MEMORY_H
| #  include <memory.h>
| # endif
| # include <string.h>
| #endif
| #ifdef HAVE_STRINGS_H
| # include <strings.h>
| #endif
| #ifdef HAVE_INTTYPES_H
| # include <inttypes.h>
| #endif
| #ifdef HAVE_STDINT_H
| # include <stdint.h>
| #endif
| #ifdef HAVE_UNISTD_H
| # include <unistd.h>
| #endif
| int
| main ()
| {
| if (sizeof ((mode_t)))
| 	    return 0;
|   ;
|   return 0;
| }
configure:4969: result: yes
configure:4980: checking for pid_t
configure:4980: gcc -c -O3 -march=native -mfpmath=sse  conftest.c >&5
configure:4980: $? = 0
configure:4980: gcc -c -O3 -march=native -mfpmath=sse  conftest.c >&5
conftest.c: In function 'main':
conftest.c:74:20: error: expected expression before ')' token
 if (sizeof ((pid_t)))
                    ^
configure:4980: $? = 1
configure: failed program was:
| /* confdefs.h */
| #define PACKAGE_NAME "ALOE"
| #define PACKAGE_TARNAME "aloe"
| #define PACKAGE_VERSION "1.6.0"
| #define PACKAGE_STRING "ALOE 1.6.0"
| #define PACKAGE_BUGREPORT ""
| #define PACKAGE_URL ""
| #define PACKAGE "aloe"
| #define VERSION "1.6.0"
| #define STDC_HEADERS 1
| #define HAVE_SYS_TYPES_H 1
| #define HAVE_SYS_STAT_H 1
| #define HAVE_STDLIB_H 1
| #define HAVE_STRING_H 1
| #define HAVE_MEMORY_H 1
| #define HAVE_STRINGS_H 1
| #define HAVE_INTTYPES_H 1
| #define HAVE_STDINT_H 1
| #define HAVE_UNISTD_H 1
| #define HAVE_TIME_H 1
| #define HAVE_STDIO_H 1
| #define HAVE_STDLIB_H 1
| #define HAVE_ARPA_INET_H 1
| #define HAVE_FCNTL_H 1
| #define HAVE_FLOAT_H 1
| #define HAVE_NETDB_H 1
| #define HAVE_NETINET_IN_H 1
| #define HAVE_STDDEF_H 1
| #define HAVE_STDINT_H 1
| #define HAVE_STDLIB_H 1
| #define HAVE_STRING_H 1
| #define HAVE_STRINGS_H 1
| #define HAVE_SYS_SOCKET_H 1
| #define HAVE_SYS_TIME_H 1
| #define HAVE_UNISTD_H 1
| #define HAVE__BOOL 1
| /* end confdefs.h.  */
| #include <stdio.h>
| #ifdef HAVE_SYS_TYPES_H
| # include <sys/types.h>
| #endif
| #ifdef HAVE_SYS_STAT_H
| # include <sys/stat.h>
| #endif
| #ifdef STDC_HEADERS
| # include <stdlib.h>
| # include <stddef.h>
| #else
| # ifdef HAVE_STDLIB_H
| #  include <stdlib.h>
| # endif
| #endif
| #ifdef HAVE_STRING_H
| # if !defined STDC_HEADERS && defined HAVE_MEMORY_H
| #  include <memory.h>
| # endif
| # include <string.h>
| #endif
| #ifdef HAVE_STRINGS_H
| # include <strings.h>
| #endif
| #ifdef HAVE_INTTYPES_H
| # include <inttypes.h>
| #endif
| #ifdef HAVE_STDINT_H
| # include <stdint.h>
| #endif
| #ifdef HAVE_UNISTD_H
| # include <unistd.h>
| #endif
| int
| main ()
| {
| if (sizeof ((pid_t)))
| 	    return 0;
|   ;
|   return 0;
| }
configure:4980: result: yes
configure:4991: checking for size_t
configure:4991: gcc -c -O3 -march=native -mfpmath=sse  conftest.c >&5
configure:4991: $? = 0
configure:4991: gcc -c -O3 -march=native -mfpmath=sse  conftest.c >&5
conftest.c: In function 'main':
conftest.c:74:21: error: expected expression before ')' token
 if (sizeof ((size_t)))
                     ^
configure:4991: $? = 1
configure: failed program was:
| /* confdefs.h */
| #define PACKAGE_NAME "ALOE"
| #define PACKAGE_TARNAME "aloe"
| #define PACKAGE_VERSION "1.6.0"
| #define PACKAGE_STRING "ALOE 1.6.0"
| #define PACKAGE_BUGREPORT ""
| #define PACKAGE_URL ""
| #define PACKAGE "aloe"
| #define VERSION "1.6.0"
| #define STDC_HEADERS 1
| #define HAVE_SYS_TYPES_H 1
| #define HAVE_SYS_STAT_H 1
| #define HAVE_STDLIB_H 1
| #define HAVE_STRING_H 1
| #define HAVE_MEMORY_H 1
| #define HAVE_STRINGS_H 1
| #define HAVE_INTTYPES_H 1
| #define HAVE_STDINT_H 1
| #define HAVE_UNISTD_H 1
| #define HAVE_TIME_H 1
| #define HAVE_STDIO_H 1
| #define HAVE_STDLIB_H 1
| #define HAVE_ARPA_INET_H 1
| #define HAVE_FCNTL_H 1
| #define HAVE_FLOAT_H 1
| #define HAVE_NETDB_H 1
| #define HAVE_NETINET_IN_H 1
| #define HAVE_STDDEF_H 1
| #define HAVE_STDINT_H 1
| #define HAVE_STDLIB_H 1
| #define HAVE_STRING_H 1
| #define HAVE_STRINGS_H 1
| #define HAVE_SYS_SOCKET_H 1
| #define HAVE_SYS_TIME_H 1
| #define HAVE_UNISTD_H 1
| #define HAVE__BOOL 1
| /* end confdefs.h.  */
| #include <stdio.h>
| #ifdef HAVE_SYS_TYPES_H
| # include <sys/types.h>
| #endif
| #ifdef HAVE_SYS_STAT_H
| # include <sys/stat.h>
| #endif
| #ifdef STDC_HEADERS
| # include <stdlib.h>
| # include <stddef.h>
| #else
| # ifdef HAVE_STDLIB_H
| #  include <stdlib.h>
| # endif
| #endif
| #ifdef HAVE_STRING_H
| # if !defined STDC_HEADERS && defined HAVE_MEMORY_H
| #  include <memory.h>
| # endif
| # include <string.h>
| #endif
| #ifdef HAVE_STRINGS_H
| # include <strings.h>
| #endif
| #ifdef HAVE_INTTYPES_H
| # include <inttypes.h>
| #endif
| #ifdef HAVE_STDINT_H
| # include <stdint.h>
| #endif
| #ifdef HAVE_UNISTD_H
| # include <unistd.h>
| #endif
| int
| main ()
| {
| if (sizeof ((size_t)))
| 	    return 0;
|   ;
|   return 0;
| }
configure:4991: result: yes
configure:5002: checking for uint32_t
configure:5002: gcc -c -O3 -march=native -mfpmath=sse  conftest.c >&5
configure:5002: $? = 0
configure:5002: result: yes
configure:5016: checking for uint64_t
configure:5016: gcc -c -O3 -march=native -mfpmath=sse  conftest.c >&5
configure:5016: $? = 0
configure:5016: result: yes
configure:5032: checking for error_at_line
configure:5048: gcc -o conftest -O3 -march=native -mfpmath=sse   conftest.c -lpthread -lboost_system >&5
configure:5048: $? = 0
configure:5056: result: yes
configure:5069: checking vfork.h usability
configure:5069: gcc -c -O3 -march=native -mfpmath=sse  conftest.c >&5
conftest.c:71:19: fatal error: vfork.h: No such file or directory
compilation terminated.
configure:5069: $? = 1
configure: failed program was:
| /* confdefs.h */
| #define PACKAGE_NAME "ALOE"
| #define PACKAGE_TARNAME "aloe"
| #define PACKAGE_VERSION "1.6.0"
| #define PACKAGE_STRING "ALOE 1.6.0"
| #define PACKAGE_BUGREPORT ""
| #define PACKAGE_URL ""
| #define PACKAGE "aloe"
| #define VERSION "1.6.0"
| #define STDC_HEADERS 1
| #define HAVE_SYS_TYPES_H 1
| #define HAVE_SYS_STAT_H 1
| #define HAVE_STDLIB_H 1
| #define HAVE_STRING_H 1
| #define HAVE_MEMORY_H 1
| #define HAVE_STRINGS_H 1
| #define HAVE_INTTYPES_H 1
| #define HAVE_STDINT_H 1
| #define HAVE_UNISTD_H 1
| #define HAVE_TIME_H 1
| #define HAVE_STDIO_H 1
| #define HAVE_STDLIB_H 1
| #define HAVE_ARPA_INET_H 1
| #define HAVE_FCNTL_H 1
| #define HAVE_FLOAT_H 1
| #define HAVE_NETDB_H 1
| #define HAVE_NETINET_IN_H 1
| #define HAVE_STDDEF_H 1
| #define HAVE_STDINT_H 1
| #define HAVE_STDLIB_H 1
| #define HAVE_STRING_H 1
| #define HAVE_STRINGS_H 1
| #define HAVE_SYS_SOCKET_H 1
| #define HAVE_SYS_TIME_H 1
| #define HAVE_UNISTD_H 1
| #define HAVE__BOOL 1
| /* end confdefs.h.  */
| #include <stdio.h>
| #ifdef HAVE_SYS_TYPES_H
| # include <sys/types.h>
| #endif
| #ifdef HAVE_SYS_STAT_H
| # include <sys/stat.h>
| #endif
| #ifdef STDC_HEADERS
| # include <stdlib.h>
| # include <stddef.h>
| #else
| # ifdef HAVE_STDLIB_H
| #  include <stdlib.h>
| # endif
| #endif
| #ifdef HAVE_STRING_H
| # if !defined STDC_HEADERS && defined HAVE_MEMORY_H
| #  include <memory.h>
| # endif
| # include <string.h>
| #endif
| #ifdef HAVE_STRINGS_H
| # include <strings.h>
| #endif
| #ifdef HAVE_INTTYPES_H
| # include <inttypes.h>
| #endif
| #ifdef HAVE_STDINT_H
| # include <stdint.h>
| #endif
| #ifdef HAVE_UNISTD_H
| # include <unistd.h>
| #endif
| #include <vfork.h>
configure:5069: result: no
configure:5069: checking vfork.h presence
configure:5069: gcc -E  conftest.c
conftest.c:38:19: fatal error: vfork.h: No such file or directory
compilation terminated.
configure:5069: $? = 1
configure: failed program was:
| /* confdefs.h */
| #define PACKAGE_NAME "ALOE"
| #define PACKAGE_TARNAME "aloe"
| #define PACKAGE_VERSION "1.6.0"
| #define PACKAGE_STRING "ALOE 1.6.0"
| #define PACKAGE_BUGREPORT ""
| #define PACKAGE_URL ""
| #define PACKAGE "aloe"
| #define VERSION "1.6.0"
| #define STDC_HEADERS 1
| #define HAVE_SYS_TYPES_H 1
| #define HAVE_SYS_STAT_H 1
| #define HAVE_STDLIB_H 1
| #define HAVE_STRING_H 1
| #define HAVE_MEMORY_H 1
| #define HAVE_STRINGS_H 1
| #define HAVE_INTTYPES_H 1
| #define HAVE_STDINT_H 1
| #define HAVE_UNISTD_H 1
| #define HAVE_TIME_H 1
| #define HAVE_STDIO_H 1
| #define HAVE_STDLIB_H 1
| #define HAVE_ARPA_INET_H 1
| #define HAVE_FCNTL_H 1
| #define HAVE_FLOAT_H 1
| #define HAVE_NETDB_H 1
| #define HAVE_NETINET_IN_H 1
| #define HAVE_STDDEF_H 1
| #define HAVE_STDINT_H 1
| #define HAVE_STDLIB_H 1
| #define HAVE_STRING_H 1
| #define HAVE_STRINGS_H 1
| #define HAVE_SYS_SOCKET_H 1
| #define HAVE_SYS_TIME_H 1
| #define HAVE_UNISTD_H 1
| #define HAVE__BOOL 1
| /* end confdefs.h.  */
| #include <vfork.h>
configure:5069: result: no
configure:5069: checking for vfork.h
configure:5069: result: no
configure:5082: checking for fork
configure:5082: gcc -o conftest -O3 -march=native -mfpmath=sse   conftest.c -lpthread -lboost_system >&5
conftest.c:61:6: warning: conflicting types for built-in function 'fork'
 char fork ();
      ^
configure:5082: $? = 0
configure:5082: result: yes
configure:5082: checking for vfork
configure:5082: gcc -o conftest -O3 -march=native -mfpmath=sse   conftest.c -lpthread -lboost_system >&5
configure:5082: $? = 0
configure:5082: result: yes
configure:5092: checking for working fork
configure:5114: gcc -o conftest -O3 -march=native -mfpmath=sse   conftest.c -lpthread -lboost_system >&5
configure:5114: $? = 0
configure:5114: ./conftest
configure:5114: $? = 0
configure:5124: result: yes
configure:5145: checking for working vfork
configure:5255: result: yes
configure:5282: checking for stdlib.h
configure:5282: result: yes
configure:5292: checking for GNU libc compatible malloc
configure:5316: gcc -o conftest -O3 -march=native -mfpmath=sse   conftest.c -lpthread -lboost_system >&5
configure:5316: $? = 0
configure:5316: ./conftest
configure:5316: $? = 0
configure:5326: result: yes
configure:5349: checking for stdlib.h
configure:5349: result: yes
configure:5359: checking for GNU libc compatible realloc
configure:5383: gcc -o conftest -O3 -march=native -mfpmath=sse   conftest.c -lpthread -lboost_system >&5
configure:5383: $? = 0
configure:5383: ./conftest
configure:5383: $? = 0
configure:5393: result: yes
configure:5414: checking for working strtod
configure:5455: gcc -o conftest -O3 -march=native -mfpmath=sse   conftest.c -lpthread -lboost_system >&5
configure:5455: $? = 0
configure:5455: ./conftest
configure:5455: $? = 0
configure:5465: result: yes
configure:5530: checking for strdup
configure:5530: gcc -o conftest -O3 -march=native -mfpmath=sse   conftest.c -lpthread -lboost_system >&5
conftest.c:69:6: warning: conflicting types for built-in function 'strdup'
 char strdup ();
      ^
configure:5530: $? = 0
configure:5530: result: yes
configure:5530: checking for strerror
configure:5530: gcc -o conftest -O3 -march=native -mfpmath=sse   conftest.c -lpthread -lboost_system >&5
configure:5530: $? = 0
configure:5530: result: yes
configure:5530: checking for strtod
configure:5530: result: yes
configure:5530: checking for time
configure:5530: gcc -o conftest -O3 -march=native -mfpmath=sse   conftest.c -lpthread -lboost_system >&5
configure:5530: $? = 0
configure:5530: result: yes
configure:5530: checking for atexit
configure:5530: gcc -o conftest -O3 -march=native -mfpmath=sse   conftest.c -lpthread -lboost_system >&5
configure:5530: $? = 0
configure:5530: result: yes
configure:5530: checking for bzero
configure:5530: gcc -o conftest -O3 -march=native -mfpmath=sse   conftest.c -lpthread -lboost_system >&5
conftest.c:74:6: warning: conflicting types for built-in function 'bzero'
 char bzero ();
      ^
configure:5530: $? = 0
configure:5530: result: yes
configure:5530: checking for clock_gettime
configure:5530: gcc -o conftest -O3 -march=native -mfpmath=sse   conftest.c -lpthread -lboost_system >&5
configure:5530: $? = 0
configure:5530: result: yes
configure:5530: checking for gettimeofday
configure:5530: gcc -o conftest -O3 -march=native -mfpmath=sse   conftest.c -lpthread -lboost_system >&5
configure:5530: $? = 0
configure:5530: result: yes
configure:5530: checking for inet_ntoa
configure:5530: gcc -o conftest -O3 -march=native -mfpmath=sse   conftest.c -lpthread -lboost_system >&5
configure:5530: $? = 0
configure:5530: result: yes
configure:5530: checking for memset
configure:5530: gcc -o conftest -O3 -march=native -mfpmath=sse   conftest.c -lpthread -lboost_system >&5
conftest.c:78:6: warning: conflicting types for built-in function 'memset'
 char memset ();
      ^
configure:5530: $? = 0
configure:5530: result: yes
configure:5530: checking for mkdir
configure:5530: gcc -o conftest -O3 -march=native -mfpmath=sse   conftest.c -lpthread -lboost_system >&5
configure:5530: $? = 0
configure:5530: result: yes
configure:5530: checking for pow
configure:5530: gcc -o conftest -O3 -march=native -mfpmath=sse   conftest.c -lpthread -lboost_system >&5
conftest.c:80:6: warning: conflicting types for built-in function 'pow'
 char pow ();
      ^
/tmp/cc7AZpKC.o: In function `main':
conftest.c:(.text.startup+0x7): undefined reference to `pow'
collect2: error: ld returned 1 exit status
configure:5530: $? = 1
configure: failed program was:
| /* confdefs.h */
| #define PACKAGE_NAME "ALOE"
| #define PACKAGE_TARNAME "aloe"
| #define PACKAGE_VERSION "1.6.0"
| #define PACKAGE_STRING "ALOE 1.6.0"
| #define PACKAGE_BUGREPORT ""
| #define PACKAGE_URL ""
| #define PACKAGE "aloe"
| #define VERSION "1.6.0"
| #define STDC_HEADERS 1
| #define HAVE_SYS_TYPES_H 1
| #define HAVE_SYS_STAT_H 1
| #define HAVE_STDLIB_H 1
| #define HAVE_STRING_H 1
| #define HAVE_MEMORY_H 1
| #define HAVE_STRINGS_H 1
| #define HAVE_INTTYPES_H 1
| #define HAVE_STDINT_H 1
| #define HAVE_UNISTD_H 1
| #define HAVE_TIME_H 1
| #define HAVE_STDIO_H 1
| #define HAVE_STDLIB_H 1
| #define HAVE_ARPA_INET_H 1
| #define HAVE_FCNTL_H 1
| #define HAVE_FLOAT_H 1
| #define HAVE_NETDB_H 1
| #define HAVE_NETINET_IN_H 1
| #define HAVE_STDDEF_H 1
| #define HAVE_STDINT_H 1
| #define HAVE_STDLIB_H 1
| #define HAVE_STRING_H 1
| #define HAVE_STRINGS_H 1
| #define HAVE_SYS_SOCKET_H 1
| #define HAVE_SYS_TIME_H 1
| #define HAVE_UNISTD_H 1
| #define HAVE__BOOL 1
| #define HAVE_FORK 1
| #define HAVE_VFORK 1
| #define HAVE_WORKING_VFORK 1
| #define HAVE_WORKING_FORK 1
| #define HAVE_STDLIB_H 1
| #define HAVE_MALLOC 1
| #define HAVE_STDLIB_H 1
| #define HAVE_REALLOC 1
| #define HAVE_STRDUP 1
| #define HAVE_STRERROR 1
| #define HAVE_STRTOD 1
| #define HAVE_TIME 1
| #define HAVE_ATEXIT 1
| #define HAVE_BZERO 1
| #define HAVE_CLOCK_GETTIME 1
| #define HAVE_GETTIMEOFDAY 1
| #define HAVE_INET_NTOA 1
| #define HAVE_MEMSET 1
| #define HAVE_MKDIR 1
| /* end confdefs.h.  */
| /* Define pow to an innocuous variant, in case <limits.h> declares pow.
|    For example, HP-UX 11i <limits.h> declares gettimeofday.  */
| #define pow innocuous_pow
| 
| /* System header to define __stub macros and hopefully few prototypes,
|     which can conflict with char pow (); below.
|     Prefer <limits.h> to <assert.h> if __STDC__ is defined, since
|     <limits.h> exists even on freestanding compilers.  */
| 
| #ifdef __STDC__
| # include <limits.h>
| #else
| # include <assert.h>
| #endif
| 
| #undef pow
| 
| /* Override any GCC internal prototype to avoid an error.
|    Use char because int might match the return type of a GCC
|    builtin and then its argument prototype would still apply.  */
| #ifdef __cplusplus
| extern "C"
| #endif
| char pow ();
| /* The GNU C library defines this for functions which it implements
|     to always fail with ENOSYS.  Some functions are actually named
|     something starting with __ and the normal name is an alias.  */
| #if defined __stub_pow || defined __stub___pow
| choke me
| #endif
| 
| int
| main ()
| {
| return pow ();
|   ;
|   return 0;
| }
configure:5530: result: no
configure:5530: checking for socket
configure:5530: gcc -o conftest -O3 -march=native -mfpmath=sse   conftest.c -lpthread -lboost_system >&5
configure:5530: $? = 0
configure:5530: result: yes
configure:5530: checking for sqrt
configure:5530: gcc -o conftest -O3 -march=native -mfpmath=sse   conftest.c -lpthread -lboost_system >&5
conftest.c:81:6: warning: conflicting types for built-in function 'sqrt'
 char sqrt ();
      ^
/tmp/cclHWIiH.o: In function `main':
conftest.c:(.text.startup+0x7): undefined reference to `sqrt'
collect2: error: ld returned 1 exit status
configure:5530: $? = 1
configure: failed program was:
| /* confdefs.h */
| #define PACKAGE_NAME "ALOE"
| #define PACKAGE_TARNAME "aloe"
| #define PACKAGE_VERSION "1.6.0"
| #define PACKAGE_STRING "ALOE 1.6.0"
| #define PACKAGE_BUGREPORT ""
| #define PACKAGE_URL ""
| #define PACKAGE "aloe"
| #define VERSION "1.6.0"
| #define STDC_HEADERS 1
| #define HAVE_SYS_TYPES_H 1
| #define HAVE_SYS_STAT_H 1
| #define HAVE_STDLIB_H 1
| #define HAVE_STRING_H 1
| #define HAVE_MEMORY_H 1
| #define HAVE_STRINGS_H 1
| #define HAVE_INTTYPES_H 1
| #define HAVE_STDINT_H 1
| #define HAVE_UNISTD_H 1
| #define HAVE_TIME_H 1
| #define HAVE_STDIO_H 1
| #define HAVE_STDLIB_H 1
| #define HAVE_ARPA_INET_H 1
| #define HAVE_FCNTL_H 1
| #define HAVE_FLOAT_H 1
| #define HAVE_NETDB_H 1
| #define HAVE_NETINET_IN_H 1
| #define HAVE_STDDEF_H 1
| #define HAVE_STDINT_H 1
| #define HAVE_STDLIB_H 1
| #define HAVE_STRING_H 1
| #define HAVE_STRINGS_H 1
| #define HAVE_SYS_SOCKET_H 1
| #define HAVE_SYS_TIME_H 1
| #define HAVE_UNISTD_H 1
| #define HAVE__BOOL 1
| #define HAVE_FORK 1
| #define HAVE_VFORK 1
| #define HAVE_WORKING_VFORK 1
| #define HAVE_WORKING_FORK 1
| #define HAVE_STDLIB_H 1
| #define HAVE_MALLOC 1
| #define HAVE_STDLIB_H 1
| #define HAVE_REALLOC 1
| #define HAVE_STRDUP 1
| #define HAVE_STRERROR 1
| #define HAVE_STRTOD 1
| #define HAVE_TIME 1
| #define HAVE_ATEXIT 1
| #define HAVE_BZERO 1
| #define HAVE_CLOCK_GETTIME 1
| #define HAVE_GETTIMEOFDAY 1
| #define HAVE_INET_NTOA 1
| #define HAVE_MEMSET 1
| #define HAVE_MKDIR 1
| #define HAVE_SOCKET 1
| /* end confdefs.h.  */
| /* Define sqrt to an innocuous variant, in case <limits.h> declares sqrt.
|    For example, HP-UX 11i <limits.h> declares gettimeofday.  */
| #define sqrt innocuous_sqrt
| 
| /* System header to define __stub macros and hopefully few prototypes,
|     which can conflict with char sqrt (); below.
|     Prefer <limits.h> to <assert.h> if __STDC__ is defined, since
|     <limits.h> exists even on freestanding compilers.  */
| 
| #ifdef __STDC__
| # include <limits.h>
| #else
| # include <assert.h>
| #endif
| 
| #undef sqrt
| 
| /* Override any GCC internal prototype to avoid an error.
|    Use char because int might match the return type of a GCC
|    builtin and then its argument prototype would still apply.  */
| #ifdef __cplusplus
| extern "C"
| #endif
| char sqrt ();
| /* The GNU C library defines this for functions which it implements
|     to always fail with ENOSYS.  Some functions are actually named
|     something starting with __ and the normal name is an alias.  */
| #if defined __stub_sqrt || defined __stub___sqrt
| choke me
| #endif
| 
| int
| main ()
| {
| return sqrt ();
|   ;
|   return 0;
| }
configure:5530: result: no
configure:5530: checking for strchr
configure:5530: gcc -o conftest -O3 -march=native -mfpmath=sse   conftest.c -lpthread -lboost_system >&5
conftest.c:81:6: warning: conflicting types for built-in function 'strchr'
 char strchr ();
      ^
configure:5530: $? = 0
configure:5530: result: yes
configure:5530: checking for strdup
configure:5530: result: yes
configure:5530: checking for strstr
configure:5530: gcc -o conftest -O3 -march=native -mfpmath=sse   conftest.c -lpthread -lboost_system >&5
conftest.c:83:6: warning: conflicting types for built-in function 'strstr'
 char strstr ();
      ^
configure:5530: $? = 0
configure:5530: result: yes
configure:5530: checking for strtoul
configure:5530: gcc -o conftest -O3 -march=native -mfpmath=sse   conftest.c -lpthread -lboost_system >&5
configure:5530: $? = 0
configure:5530: result: yes
configure:5540: checking for clock_gettime in -lrt
configure:5565: gcc -o conftest -O3 -march=native -mfpmath=sse   conftest.c -lrt  -lpthread -lboost_system >&5
configure:5565: $? = 0
configure:5574: result: yes
configure:5577: Found rt library
configure:5613: checking for readline in -lreadline
configure:5638: gcc -o conftest -O3 -march=native -mfpmath=sse   conftest.c -lreadline  -lpthread -lboost_system >&5
configure:5638: $? = 0
configure:5647: result: yes
configure:5650: Found realine
configure:5656: checking for add_history in -lhistory
configure:5681: gcc -o conftest -O3 -march=native -mfpmath=sse   conftest.c -lhistory  -lpthread -lboost_system >&5
configure:5681: $? = 0
configure:5690: result: yes
configure:5693: Found history
configure:5704: checking for jack_client_open in -ljack
configure:5729: gcc -o conftest -O3 -march=native -mfpmath=sse   conftest.c -ljack  -lpthread -lboost_system >&5
configure:5729: $? = 0
configure:5738: result: yes
configure:5741: Found JACK library
configure:5761: checking for main in -lwdapi
configure:5780: g++ -o conftest -g -O2   conftest.cpp -lwdapi -L/usr/Innovative/Lib/Gcc/Release/ -lpthread -lboost_system >&5
/usr/bin/ld: cannot find -lwdapi
collect2: error: ld returned 1 exit status
configure:5780: $? = 1
configure: failed program was:
| /* confdefs.h */
| #define PACKAGE_NAME "ALOE"
| #define PACKAGE_TARNAME "aloe"
| #define PACKAGE_VERSION "1.6.0"
| #define PACKAGE_STRING "ALOE 1.6.0"
| #define PACKAGE_BUGREPORT ""
| #define PACKAGE_URL ""
| #define PACKAGE "aloe"
| #define VERSION "1.6.0"
| #define STDC_HEADERS 1
| #define HAVE_SYS_TYPES_H 1
| #define HAVE_SYS_STAT_H 1
| #define HAVE_STDLIB_H 1
| #define HAVE_STRING_H 1
| #define HAVE_MEMORY_H 1
| #define HAVE_STRINGS_H 1
| #define HAVE_INTTYPES_H 1
| #define HAVE_STDINT_H 1
| #define HAVE_UNISTD_H 1
| #define HAVE_TIME_H 1
| #define HAVE_STDIO_H 1
| #define HAVE_STDLIB_H 1
| #define HAVE_ARPA_INET_H 1
| #define HAVE_FCNTL_H 1
| #define HAVE_FLOAT_H 1
| #define HAVE_NETDB_H 1
| #define HAVE_NETINET_IN_H 1
| #define HAVE_STDDEF_H 1
| #define HAVE_STDINT_H 1
| #define HAVE_STDLIB_H 1
| #define HAVE_STRING_H 1
| #define HAVE_STRINGS_H 1
| #define HAVE_SYS_SOCKET_H 1
| #define HAVE_SYS_TIME_H 1
| #define HAVE_UNISTD_H 1
| #define HAVE__BOOL 1
| #define HAVE_FORK 1
| #define HAVE_VFORK 1
| #define HAVE_WORKING_VFORK 1
| #define HAVE_WORKING_FORK 1
| #define HAVE_STDLIB_H 1
| #define HAVE_MALLOC 1
| #define HAVE_STDLIB_H 1
| #define HAVE_REALLOC 1
| #define HAVE_STRDUP 1
| #define HAVE_STRERROR 1
| #define HAVE_STRTOD 1
| #define HAVE_TIME 1
| #define HAVE_ATEXIT 1
| #define HAVE_BZERO 1
| #define HAVE_CLOCK_GETTIME 1
| #define HAVE_GETTIMEOFDAY 1
| #define HAVE_INET_NTOA 1
| #define HAVE_MEMSET 1
| #define HAVE_MKDIR 1
| #define HAVE_SOCKET 1
| #define HAVE_STRCHR 1
| #define HAVE_STRDUP 1
| #define HAVE_STRSTR 1
| #define HAVE_STRTOUL 1
| #define HAVE_JACK 1
| /* end confdefs.h.  */
| 
| 
| int
| main ()
| {
| return main ();
|   ;
|   return 0;
| }
configure:5789: result: no
configure:5799: X5-400 library not found. Board DAC not availabe.
configure:5803: checking for main in -luhd
configure:5822: g++ -o conftest -g -O2   conftest.cpp -luhd  -lpthread -lboost_system >&5
/usr/bin/ld: cannot find -luhd
collect2: error: ld returned 1 exit status
configure:5822: $? = 1
configure: failed program was:
| /* confdefs.h */
| #define PACKAGE_NAME "ALOE"
| #define PACKAGE_TARNAME "aloe"
| #define PACKAGE_VERSION "1.6.0"
| #define PACKAGE_STRING "ALOE 1.6.0"
| #define PACKAGE_BUGREPORT ""
| #define PACKAGE_URL ""
| #define PACKAGE "aloe"
| #define VERSION "1.6.0"
| #define STDC_HEADERS 1
| #define HAVE_SYS_TYPES_H 1
| #define HAVE_SYS_STAT_H 1
| #define HAVE_STDLIB_H 1
| #define HAVE_STRING_H 1
| #define HAVE_MEMORY_H 1
| #define HAVE_STRINGS_H 1
| #define HAVE_INTTYPES_H 1
| #define HAVE_STDINT_H 1
| #define HAVE_UNISTD_H 1
| #define HAVE_TIME_H 1
| #define HAVE_STDIO_H 1
| #define HAVE_STDLIB_H 1
| #define HAVE_ARPA_INET_H 1
| #define HAVE_FCNTL_H 1
| #define HAVE_FLOAT_H 1
| #define HAVE_NETDB_H 1
| #define HAVE_NETINET_IN_H 1
| #define HAVE_STDDEF_H 1
| #define HAVE_STDINT_H 1
| #define HAVE_STDLIB_H 1
| #define HAVE_STRING_H 1
| #define HAVE_STRINGS_H 1
| #define HAVE_SYS_SOCKET_H 1
| #define HAVE_SYS_TIME_H 1
| #define HAVE_UNISTD_H 1
| #define HAVE__BOOL 1
| #define HAVE_FORK 1
| #define HAVE_VFORK 1
| #define HAVE_WORKING_VFORK 1
| #define HAVE_WORKING_FORK 1
| #define HAVE_STDLIB_H 1
| #define HAVE_MALLOC 1
| #define HAVE_STDLIB_H 1
| #define HAVE_REALLOC 1
| #define HAVE_STRDUP 1
| #define HAVE_STRERROR 1
| #define HAVE_STRTOD 1
| #define HAVE_TIME 1
| #define HAVE_ATEXIT 1
| #define HAVE_BZERO 1
| #define HAVE_CLOCK_GETTIME 1
| #define HAVE_GETTIMEOFDAY 1
| #define HAVE_INET_NTOA 1
| #define HAVE_MEMSET 1
| #define HAVE_MKDIR 1
| #define HAVE_SOCKET 1
| #define HAVE_STRCHR 1
| #define HAVE_STRDUP 1
| #define HAVE_STRSTR 1
| #define HAVE_STRTOUL 1
| #define HAVE_JACK 1
| /* end confdefs.h.  */
| 
| 
| int
| main ()
| {
| return main ();
|   ;
|   return 0;
| }
configure:5831: result: no
configure:5881: USRP library not found. Board DAC not availabe.
configure:5891: checking for snd_pcm_open in -lasound
configure:5916: gcc -o conftest -O3 -march=native -mfpmath=sse   conftest.c -lasound  -lpthread -lboost_system >&5
configure:5916: $? = 0
configure:5925: result: yes
configure:5928: Found alsa library
configure:5997: checking for stdlib.h
configure:5997: result: yes
configure:6007: checking for GNU libc compatible malloc
configure:6041: result: yes
configure:6089: checking whether gcc and cc understand -c and -o together
configure:6120: gcc -c conftest.c -o conftest2.o >&5
configure:6124: $? = 0
configure:6130: gcc -c conftest.c -o conftest2.o >&5
configure:6134: $? = 0
configure:6145: cc -c conftest.c >&5
configure:6149: $? = 0
configure:6157: cc -c conftest.c -o conftest2.o >&5
configure:6161: $? = 0
configure:6167: cc -c conftest.c -o conftest2.o >&5
configure:6171: $? = 0
configure:6189: result: yes
configure:6404: creating ./config.status
configure:7593: result:
==============================================================

		== FLEXNets ==

ALOE has been configured successfully. You can compile and
install it by typing 'make && sudo make install'
After that, you can run ALOE by:

1) Moving to the app folder: cd APPs/appTopic/appname/
2) Typing: 'runcf -c APPs/appTOPIC/appname/platform.conf'
3) Or with real-time priority:
	'sudo runcf -c APPs/appTOPIC/appname/platform.conf'

You can choose other compiler flags, e.g.:

include debugging symbols and enable symbol resolve:
	./configure CFLAGS='-rdynamic -O0 -g'

optimize for native processor including SSE instructions
	./configure CFLAGS='-O3 -march=native -mfpmath=sse'

==============================================================


## ---------------- ##
## Cache variables. ##
## ---------------- ##

ac_cv_build=x86_64-unknown-linux-gnu
ac_cv_c_compiler_gnu=yes
ac_cv_c_inline=inline
ac_cv_c_uint32_t=yes
ac_cv_c_uint64_t=yes
ac_cv_cxx_compiler_gnu=yes
ac_cv_env_CCC_set=
ac_cv_env_CCC_value=
ac_cv_env_CC_set=
ac_cv_env_CC_value=
ac_cv_env_CFLAGS_set=set
ac_cv_env_CFLAGS_value='-O3 -march=native -mfpmath=sse'
ac_cv_env_CPPFLAGS_set=
ac_cv_env_CPPFLAGS_value=
ac_cv_env_CPP_set=
ac_cv_env_CPP_value=
ac_cv_env_CXXFLAGS_set=
ac_cv_env_CXXFLAGS_value=
ac_cv_env_CXX_set=
ac_cv_env_CXX_value=
ac_cv_env_LDFLAGS_set=
ac_cv_env_LDFLAGS_value=
ac_cv_env_LIBS_set=set
ac_cv_env_LIBS_value='-lpthread -lboost_system'
ac_cv_env_build_alias_set=
ac_cv_env_build_alias_value=
ac_cv_env_host_alias_set=
ac_cv_env_host_alias_value=
ac_cv_env_target_alias_set=
ac_cv_env_target_alias_value=
ac_cv_func_atexit=yes
ac_cv_func_bzero=yes
ac_cv_func_clock_gettime=yes
ac_cv_func_fork=yes
ac_cv_func_fork_works=yes
ac_cv_func_gettimeofday=yes
ac_cv_func_inet_ntoa=yes
ac_cv_func_malloc_0_nonnull=yes
ac_cv_func_memset=yes
ac_cv_func_mkdir=yes
ac_cv_func_pow=no
ac_cv_func_realloc_0_nonnull=yes
ac_cv_func_socket=yes
ac_cv_func_sqrt=no
ac_cv_func_strchr=yes
ac_cv_func_strdup=yes
ac_cv_func_strerror=yes
ac_cv_func_strstr=yes
ac_cv_func_strtod=yes
ac_cv_func_strtoul=yes
ac_cv_func_time=yes
ac_cv_func_vfork=yes
ac_cv_func_vfork_works=yes
ac_cv_header_arpa_inet_h=yes
ac_cv_header_fcntl_h=yes
ac_cv_header_float_h=yes
ac_cv_header_inttypes_h=yes
ac_cv_header_memory_h=yes
ac_cv_header_netdb_h=yes
ac_cv_header_netinet_in_h=yes
ac_cv_header_stdbool_h=yes
ac_cv_header_stdc=yes
ac_cv_header_stddef_h=yes
ac_cv_header_stdint_h=yes
ac_cv_header_stdio_h=yes
ac_cv_header_stdlib_h=yes
ac_cv_header_string_h=yes
ac_cv_header_strings_h=yes
ac_cv_header_sys_socket_h=yes
ac_cv_header_sys_stat_h=yes
ac_cv_header_sys_time_h=yes
ac_cv_header_sys_types_h=yes
ac_cv_header_time_h=yes
ac_cv_header_unistd_h=yes
ac_cv_header_vfork_h=no
ac_cv_host=x86_64-unknown-linux-gnu
ac_cv_lib_asound_snd_pcm_open=yes
ac_cv_lib_error_at_line=yes
ac_cv_lib_history_add_history=yes
ac_cv_lib_jack_jack_client_open=yes
ac_cv_lib_readline_readline=yes
ac_cv_lib_rt_clock_gettime=yes
ac_cv_lib_uhd_main=no
ac_cv_lib_wdapi_main=no
ac_cv_objext=o
ac_cv_path_EGREP='/bin/grep -E'
ac_cv_path_GREP=/bin/grep
ac_cv_path_install='/usr/bin/install -c'
ac_cv_path_mkdir=/bin/mkdir
ac_cv_prog_AWK=gawk
ac_cv_prog_CPP='gcc -E'
ac_cv_prog_ac_ct_CC=gcc
ac_cv_prog_ac_ct_CXX=g++
ac_cv_prog_ac_ct_RANLIB=ranlib
ac_cv_prog_cc_c89=
ac_cv_prog_cc_g=yes
ac_cv_prog_cc_gcc_c_o=yes
ac_cv_prog_cxx_g=yes
ac_cv_prog_make_make_set=yes
ac_cv_type__Bool=yes
ac_cv_type_mode_t=yes
ac_cv_type_pid_t=yes
ac_cv_type_size_t=yes
am_cv_CC_dependencies_compiler_type=gcc3
am_cv_CXX_dependencies_compiler_type=gcc3

## ----------------- ##
## Output variables. ##
## ----------------- ##

ACLOCAL='${SHELL} /home/usueetac/DADES/ESR_PROPI/ALOE-1.6_DOCENCIA_SEPT17/missing --run aclocal-1.10'
AMDEPBACKSLASH='\'
AMDEP_FALSE='#'
AMDEP_TRUE=''
AMTAR='${SHELL} /home/usueetac/DADES/ESR_PROPI/ALOE-1.6_DOCENCIA_SEPT17/missing --run tar'
AUTOCONF='${SHELL} /home/usueetac/DADES/ESR_PROPI/ALOE-1.6_DOCENCIA_SEPT17/missing --run autoconf'
AUTOHEADER='${SHELL} /home/usueetac/DADES/ESR_PROPI/ALOE-1.6_DOCENCIA_SEPT17/missing --run autoheader'
AUTOMAKE='${SHELL} /home/usueetac/DADES/ESR_PROPI/ALOE-1.6_DOCENCIA_SEPT17/missing --run automake-1.10'
AWK='gawk'
CC='gcc'
CCDEPMODE='depmode=gcc3'
CFLAGS='-O3 -march=native -mfpmath=sse'
CPP='gcc -E'
CPPFLAGS=''
CXX='g++'
CXXDEPMODE='depmode=gcc3'
CXXFLAGS='-g -O2'
CYGPATH_W='echo'
DEFS='-DPACKAGE_NAME=\"ALOE\" -DPACKAGE_TARNAME=\"aloe\" -DPACKAGE_VERSION=\"1.6.0\" -DPACKAGE_STRING=\"ALOE\ 1.6.0\" -DPACKAGE_BUGREPORT=\"\" -DPACKAGE_URL=\"\" -DPACKAGE=\"aloe\" -DVERSION=\"1.6.0\" -DSTDC_HEADERS=1 -DHAVE_SYS_TYPES_H=1 -DHAVE_SYS_STAT_H=1 -DHAVE_STDLIB_H=1 -DHAVE_STRING_H=1 -DHAVE_MEMORY_H=1 -DHAVE_STRINGS_H=1 -DHAVE_INTTYPES_H=1 -DHAVE_STDINT_H=1 -DHAVE_UNISTD_H=1 -DHAVE_TIME_H=1 -DHAVE_STDIO_H=1 -DHAVE_STDLIB_H=1 -DHAVE_ARPA_INET_H=1 -DHAVE_FCNTL_H=1 -DHAVE_FLOAT_H=1 -DHAVE_NETDB_H=1 -DHAVE_NETINET_IN_H=1 -DHAVE_STDDEF_H=1 -DHAVE_STDINT_H=1 -DHAVE_STDLIB_H=1 -DHAVE_STRING_H=1 -DHAVE_STRINGS_H=1 -DHAVE_SYS_SOCKET_H=1 -DHAVE_SYS_TIME_H=1 -DHAVE_UNISTD_H=1 -DHAVE__BOOL=1 -DHAVE_FORK=1 -DHAVE_VFORK=1 -DHAVE_WORKING_VFORK=1 -DHAVE_WORKING_FORK=1 -DHAVE_STDLIB_H=1 -DHAVE_MALLOC=1 -DHAVE_STDLIB_H=1 -DHAVE_REALLOC=1 -DHAVE_STRDUP=1 -DHAVE_STRERROR=1 -DHAVE_STRTOD=1 -DHAVE_TIME=1 -DHAVE_ATEXIT=1 -DHAVE_BZERO=1 -DHAVE_CLOCK_GETTIME=1 -DHAVE_GETTIMEOFDAY=1 -DHAVE_INET_NTOA=1 -DHAVE_MEMSET=1 -DHAVE_MKDIR=1 -DHAVE_SOCKET=1 -DHAVE_STRCHR=1 -DHAVE_STRDUP=1 -DHAVE_STRSTR=1 -DHAVE_STRTOUL=1 -DHAVE_JACK=1 -DHAVE_ALSA=1 -DHAVE_STDLIB_H=1 -DHAVE_MALLOC=1'
DEPDIR='.deps'
ECHO_C=''
ECHO_N='-n'
ECHO_T=''
EGREP='/bin/grep -E'
EXEEXT=''
FULL_DIST=''
GREP='/bin/grep'
HAVE_ALSA='yes'
HAVE_ALSA_FALSE='#'
HAVE_ALSA_TRUE=''
HAVE_JACK='yes'
HAVE_JACK_FALSE='#'
HAVE_JACK_TRUE=''
HAVE_UHD='no'
HAVE_UHD_FALSE=''
HAVE_UHD_TRUE='#'
HAVE_X5='no'
HAVE_X5_FALSE=''
HAVE_X5_TRUE='#'
INSTALL_DATA='${INSTALL} -m 644'
INSTALL_PROGRAM='${INSTALL}'
INSTALL_SCRIPT='${INSTALL}'
INSTALL_STRIP_PROGRAM='$(install_sh) -c -s'
IS_FULLDIST_FALSE=''
IS_FULLDIST_TRUE='#'
LDFLAGS=''
LIBOBJS=''
LIBS='-lpthread -lboost_system'
LTLIBOBJS=''
MAKEINFO='${SHELL} /home/usueetac/DADES/ESR_PROPI/ALOE-1.6_DOCENCIA_SEPT17/missing --run makeinfo'
MAKE_OBJ=''
MKDIR_P='/bin/mkdir -p'
OBJEXT='o'
ONLYMODULES_FALSE='#'
ONLYMODULES_TRUE=''
ONLY_MODULES='no'
PACKAGE='aloe'
PACKAGE_BUGREPORT=''
PACKAGE_NAME='ALOE'
PACKAGE_STRING='ALOE 1.6.0'
PACKAGE_TARNAME='aloe'
PACKAGE_URL=''
PACKAGE_VERSION='1.6.0'
PATH_SEPARATOR=':'
POW_LIB=''
RANLIB='ranlib'
SET_MAKE=''
SHELL='/bin/bash'
STRIP=''
VERSION='1.6.0'
ac_ct_CC='gcc'
ac_ct_CXX='g++'
am__fastdepCC_FALSE='#'
am__fastdepCC_TRUE=''
am__fastdepCXX_FALSE='#'
am__fastdepCXX_TRUE=''
am__include='include'
am__isrc=''
am__leading_dot='.'
am__quote=''
am__tar='${AMTAR} cf - "$$tardir"'
am__untar='${AMTAR} xf -'
bindir='${exec_prefix}/bin'
build='x86_64-unknown-linux-gnu'
build_alias=''
build_cpu='x86_64'
build_os='linux-gnu'
build_vendor='unknown'
datadir='${datarootdir}'
datarootdir='${prefix}/share'
docdir='${datarootdir}/doc/${PACKAGE_TARNAME}'
dvidir='${docdir}'
exec_prefix='${prefix}'
host='x86_64-unknown-linux-gnu'
host_alias=''
host_cpu='x86_64'
host_os='linux-gnu'
host_vendor='unknown'
htmldir='${docdir}'
hwapi='-lhw_api -lrt -lm -ljack -lasound'
includedir='${prefix}/include'
infodir='${datarootdir}/info'
install_sh='$(SHELL) /home/usueetac/DADES/ESR_PROPI/ALOE-1.6_DOCENCIA_SEPT17/install-sh'
libdir='${exec_prefix}/lib'
libexecdir='${exec_prefix}/libexec'
localedir='${datarootdir}/locale'
localstatedir='${prefix}/var'
mandir='${datarootdir}/man'
mkdir_p='/bin/mkdir -p'
oldincludedir='/usr/include'
pdfdir='${docdir}'
prefix='/usr/local'
program_transform_name='s,x,x,'
psdir='${docdir}'
runstatedir='${localstatedir}/run'
sbindir='${exec_prefix}/sbin'
sharedstatedir='${prefix}/com'
swapi='-lsw_api -lhw_api -lrt -lm -ltypetools'
sysconfdir='${prefix}/etc'
target_alias=''

## ----------- ##
## confdefs.h. ##
## ----------- ##

/* confdefs.h */
#define PACKAGE_NAME "ALOE"
#define PACKAGE_TARNAME "aloe"
#define PACKAGE_VERSION "1.6.0"
#define PACKAGE_STRING "ALOE 1.6.0"
#define PACKAGE_BUGREPORT ""
#define PACKAGE_URL ""
#define PACKAGE "aloe"
#define VERSION "1.6.0"
#define STDC_HEADERS 1
#define HAVE_SYS_TYPES_H 1
#define HAVE_SYS_STAT_H 1
#define HAVE_STDLIB_H 1
#define HAVE_STRING_H 1
#define HAVE_MEMORY_H 1
#define HAVE_STRINGS_H 1
#define HAVE_INTTYPES_H 1
#define HAVE_STDINT_H 1
#define HAVE_UNISTD_H 1
#define HAVE_TIME_H 1
#define HAVE_STDIO_H 1
#define HAVE_STDLIB_H 1
#define HAVE_ARPA_INET_H 1
#define HAVE_FCNTL_H 1
#define HAVE_FLOAT_H 1
#define HAVE_NETDB_H 1
#define HAVE_NETINET_IN_H 1
#define HAVE_STDDEF_H 1
#define HAVE_STDINT_H 1
#define HAVE_STDLIB_H 1
#define HAVE_STRING_H 1
#define HAVE_STRINGS_H 1
#define HAVE_SYS_SOCKET_H 1
#define HAVE_SYS_TIME_H 1
#define HAVE_UNISTD_H 1
#define HAVE__BOOL 1
#define HAVE_FORK 1
#define HAVE_VFORK 1
#define HAVE_WORKING_VFORK 1
#define HAVE_WORKING_FORK 1
#define HAVE_STDLIB_H 1
#define HAVE_MALLOC 1
#define HAVE_STDLIB_H 1
#define HAVE_REALLOC 1
#define HAVE_STRDUP 1
#define HAVE_STRERROR 1
#define HAVE_STRTOD 1
#define HAVE_TIME 1
#define HAVE_ATEXIT 1
#define HAVE_BZERO 1
#define HAVE_CLOCK_GETTIME 1
#define HAVE_GETTIMEOFDAY 1
#define HAVE_INET_NTOA 1
#define HAVE_MEMSET 1
#define HAVE_MKDIR 1
#define HAVE_SOCKET 1
#define HAVE_STRCHR 1
#define HAVE_STRDUP 1
#define HAVE_STRSTR 1
#define HAVE_STRTOUL 1
#define HAVE_JACK 1
#define HAVE_ALSA 1
#define HAVE_STDLIB_H 1
#define HAVE_MALLOC 1

configure: exit 0

## ---------------------- ##
## Running config.status. ##
## ---------------------- ##

This file was extended by ALOE config.status 1.6.0, which was
generated by GNU Autoconf 2.69.  Invocation command line was

  CONFIG_FILES    = 
  CONFIG_HEADERS  = 
  CONFIG_LINKS    = 
  CONFIG_COMMANDS = 
  $ ./config.status 

on PC33002

config.status:845: creating Makefile
config.status:845: creating aloeSKs/aloeSK15/skel_SK15/lnx_make/Makefile
config.status:845: creating utils/lnx_make/Makefile
config.status:845: creating hw_api/lnx/Makefile
config.status:845: creating sw_daemons/lnx_make/Makefile
config.status:845: creating sw_api/lnx_make/Makefile
config.status:845: creating cmdman_console/Makefile
config.status:845: creating modules/typetools/lnx_make/Makefile
config.status:845: creating modules/CHANNEL_ANALYZER/lnx_make/Makefile
config.status:845: creating modules/channel_noise/lnx_make/Makefile
config.status:845: creating modules/CP/lnx_make/Makefile
config.status:845: creating modules/CPLX_FILTER/lnx_make/Makefile
config.status:845: creating modules/CRC/lnx_make/Makefile
config.status:845: creating modules/CTRL_example2/lnx_make/Makefile
config.status:845: creating modules/DAC_JACK0/lnx_make/Makefile
config.status:845: creating modules/data_source/lnx_make/Makefile
config.status:845: creating modules/data_source_sink/lnx_make/Makefile
config.status:845: creating modules/DCP/lnx_make/Makefile
config.status:845: creating modules/DDC/lnx_make/Makefile
config.status:845: creating modules/deMAPPINGII/lnx_make/Makefile
config.status:845: creating modules/demod16QAM/lnx_make/Makefile
config.status:845: creating modules/DUC17/lnx_make/Makefile
config.status:845: creating modules/DUCt16/lnx_make/Makefile
config.status:845: creating modules/fft_ifft/lnx_make/Makefile
config.status:845: creating modules/GRAPH/lnx_make/Makefile
config.status:845: creating modules/MAPPINGIII/lnx_make/Makefile
config.status:845: creating modules/mod16QAM/lnx_make/Makefile
config.status:845: creating modules/module_template/lnx_make/Makefile
config.status:845: creating modules/module_template4/lnx_make/Makefile
config.status:845: creating modules/PROVA/lnx_make/Makefile
config.status:845: creating modules/REAL_FILTER/lnx_make/Makefile
config.status:845: creating modules/sink_graph/lnx_make/Makefile
config.status:845: creating modules/sink_plot/lnx_make/Makefile
config.status:845: creating modules/TURBODUMMY/lnx_make/Makefile
config.status:1017: executing depfiles commands
